0 info it worked if it ends with ok
1 verbose cli [ '/opt/local/bin/node',
1 verbose cli   '/opt/local/bin/npm',
1 verbose cli   'install',
1 verbose cli   'learnyounode',
1 verbose cli   '-g' ]
2 info using npm@1.3.21
3 info using node@v0.10.24
4 verbose cache add [ 'learnyounode', null ]
5 verbose cache add name=undefined spec="learnyounode" args=["learnyounode",null]
6 verbose parsed url { protocol: null,
6 verbose parsed url   slashes: null,
6 verbose parsed url   auth: null,
6 verbose parsed url   host: null,
6 verbose parsed url   port: null,
6 verbose parsed url   hostname: null,
6 verbose parsed url   hash: null,
6 verbose parsed url   search: null,
6 verbose parsed url   query: null,
6 verbose parsed url   pathname: 'learnyounode',
6 verbose parsed url   path: 'learnyounode',
6 verbose parsed url   href: 'learnyounode' }
7 silly lockFile 8d456d9f-learnyounode learnyounode
8 verbose lock learnyounode /Users/andrew/.npm/8d456d9f-learnyounode.lock
9 silly lockFile 8d456d9f-learnyounode learnyounode
10 silly lockFile 8d456d9f-learnyounode learnyounode
11 verbose addNamed [ 'learnyounode', '' ]
12 verbose addNamed [ null, '*' ]
13 silly lockFile a353de34-learnyounode learnyounode@
14 verbose lock learnyounode@ /Users/andrew/.npm/a353de34-learnyounode.lock
15 silly addNameRange { name: 'learnyounode', range: '*', hasData: false }
16 verbose url raw learnyounode
17 verbose url resolving [ 'https://registry.npmjs.org/', './learnyounode' ]
18 verbose url resolved https://registry.npmjs.org/learnyounode
19 info trying registry request attempt 1 at 17:14:52
20 http GET https://registry.npmjs.org/learnyounode
21 http 200 https://registry.npmjs.org/learnyounode
22 silly registry.get cb [ 200,
22 silly registry.get   { date: 'Tue, 06 May 2014 16:14:53 GMT',
22 silly registry.get     server: 'CouchDB/1.5.0 (Erlang OTP/R14B04)',
22 silly registry.get     etag: '"7G5RMRZ1JWJL7XWUR7SGDIGJQ"',
22 silly registry.get     'content-type': 'application/json',
22 silly registry.get     via: '1.1 varnish',
22 silly registry.get     'cache-control': 'max-age=1',
22 silly registry.get     'content-length': '54041',
22 silly registry.get     'accept-ranges': 'bytes',
22 silly registry.get     age: '31',
22 silly registry.get     'x-served-by': 'cache-v43-ASH, cache-lcy1125-LCY',
22 silly registry.get     'x-cache': 'MISS, MISS',
22 silly registry.get     'x-cache-hits': '0, 0',
22 silly registry.get     'x-timer': 'S1399392892.931566715,VS0,VS39,VE115,VE154',
22 silly registry.get     vary: 'Accept',
22 silly registry.get     'keep-alive': 'timeout=10, max=50',
22 silly registry.get     connection: 'Keep-Alive' } ]
23 silly addNameRange number 2 { name: 'learnyounode', range: '*', hasData: true }
24 silly addNameRange versions [ 'learnyounode',
24 silly addNameRange   [ '0.0.0',
24 silly addNameRange     '0.0.1',
24 silly addNameRange     '0.0.2',
24 silly addNameRange     '0.0.3',
24 silly addNameRange     '0.0.4',
24 silly addNameRange     '0.0.5',
24 silly addNameRange     '0.0.6',
24 silly addNameRange     '0.0.7',
24 silly addNameRange     '0.0.8',
24 silly addNameRange     '0.0.9',
24 silly addNameRange     '0.1.0',
24 silly addNameRange     '0.1.1',
24 silly addNameRange     '0.2.0',
24 silly addNameRange     '0.2.1',
24 silly addNameRange     '0.2.2',
24 silly addNameRange     '0.2.3',
24 silly addNameRange     '0.2.4',
24 silly addNameRange     '0.2.5',
24 silly addNameRange     '0.2.6',
24 silly addNameRange     '0.2.7',
24 silly addNameRange     '0.2.8',
24 silly addNameRange     '0.2.9',
24 silly addNameRange     '0.2.10',
24 silly addNameRange     '0.2.11',
24 silly addNameRange     '0.2.12',
24 silly addNameRange     '0.2.13',
24 silly addNameRange     '0.2.14',
24 silly addNameRange     '0.2.15',
24 silly addNameRange     '0.2.16',
24 silly addNameRange     '0.2.16-mimbug',
24 silly addNameRange     '0.3.0',
24 silly addNameRange     '0.3.1',
24 silly addNameRange     '0.3.2',
24 silly addNameRange     '0.3.3',
24 silly addNameRange     '0.4.0',
24 silly addNameRange     '0.4.1',
24 silly addNameRange     '1.0.0-alpha01',
24 silly addNameRange     '1.0.0' ] ]
25 verbose addNamed [ 'learnyounode', '1.0.0' ]
26 verbose addNamed [ '1.0.0', '1.0.0' ]
27 silly lockFile 0820d686-learnyounode-1-0-0 learnyounode@1.0.0
28 verbose lock learnyounode@1.0.0 /Users/andrew/.npm/0820d686-learnyounode-1-0-0.lock
29 silly lockFile b5976a08-rnyounode-learnyounode-1-0-0-tgz https://registry.npmjs.org/learnyounode/-/learnyounode-1.0.0.tgz
30 verbose lock https://registry.npmjs.org/learnyounode/-/learnyounode-1.0.0.tgz /Users/andrew/.npm/b5976a08-rnyounode-learnyounode-1-0-0-tgz.lock
31 verbose addRemoteTarball [ 'https://registry.npmjs.org/learnyounode/-/learnyounode-1.0.0.tgz',
31 verbose addRemoteTarball   '95883cf7eed78a538174385c5361adf5aa9cfbb5' ]
32 info retry fetch attempt 1 at 17:14:54
33 verbose fetch to= /var/folders/_l/2djl7j854pq084430jvt8b680000gp/T/npm-59984-s3pOK7XZ/1399392894225-0.5273241023533046/tmp.tgz
34 http GET https://registry.npmjs.org/learnyounode/-/learnyounode-1.0.0.tgz
35 http 200 https://registry.npmjs.org/learnyounode/-/learnyounode-1.0.0.tgz
36 verbose tar unpack /var/folders/_l/2djl7j854pq084430jvt8b680000gp/T/npm-59984-s3pOK7XZ/1399392894225-0.5273241023533046/tmp.tgz
37 silly lockFile aaab319e-94225-0-5273241023533046-package tar:///var/folders/_l/2djl7j854pq084430jvt8b680000gp/T/npm-59984-s3pOK7XZ/1399392894225-0.5273241023533046/package
38 verbose lock tar:///var/folders/_l/2djl7j854pq084430jvt8b680000gp/T/npm-59984-s3pOK7XZ/1399392894225-0.5273241023533046/package /Users/andrew/.npm/aaab319e-94225-0-5273241023533046-package.lock
39 silly lockFile fac21126-94225-0-5273241023533046-tmp-tgz tar:///var/folders/_l/2djl7j854pq084430jvt8b680000gp/T/npm-59984-s3pOK7XZ/1399392894225-0.5273241023533046/tmp.tgz
40 verbose lock tar:///var/folders/_l/2djl7j854pq084430jvt8b680000gp/T/npm-59984-s3pOK7XZ/1399392894225-0.5273241023533046/tmp.tgz /Users/andrew/.npm/fac21126-94225-0-5273241023533046-tmp-tgz.lock
41 silly gunzTarPerm modes [ '755', '644' ]
42 silly gunzTarPerm extractEntry package.json
43 silly gunzTarPerm extractEntry .npmignore
44 silly gunzTarPerm extractEntry README.md
45 silly gunzTarPerm extractEntry LICENSE
46 silly gunzTarPerm extractEntry credits.js
47 silly gunzTarPerm extractEntry learnyounode.js
48 silly gunzTarPerm extractEntry .jshintrc
49 silly gunzTarPerm extractEntry exercises/http_uppercaserer/exercise.js
50 silly gunzTarPerm extractEntry exercises/http_uppercaserer/problem.md
51 silly gunzTarPerm extractEntry exercises/http_uppercaserer/solution/solution.js
52 silly gunzTarPerm extractEntry exercises/baby_steps/exercise.js
53 silly gunzTarPerm extractEntry exercises/baby_steps/problem.md
54 silly gunzTarPerm extractEntry exercises/baby_steps/solution/solution.js
55 silly gunzTarPerm extractEntry exercises/hello_world/exercise.js
56 silly gunzTarPerm extractEntry exercises/hello_world/problem.md
57 silly gunzTarPerm extractEntry exercises/hello_world/solution/solution.js
58 silly gunzTarPerm extractEntry exercises/http_client/exercise.js
59 silly gunzTarPerm extractEntry exercises/http_client/problem.md
60 silly gunzTarPerm extractEntry exercises/http_client/solution/solution.js
61 silly gunzTarPerm extractEntry exercises/http_collect/exercise.js
62 silly gunzTarPerm extractEntry exercises/http_collect/problem.md
63 silly gunzTarPerm extractEntry exercises/http_collect/solution/solution.js
64 silly gunzTarPerm extractEntry exercises/http_file_server/exercise.js
65 silly gunzTarPerm extractEntry exercises/http_file_server/problem.md
66 silly gunzTarPerm extractEntry exercises/http_file_server/solution/solution.js
67 silly gunzTarPerm extractEntry exercises/http_json_api_server/exercise.js
68 silly gunzTarPerm extractEntry exercises/http_json_api_server/problem.md
69 silly gunzTarPerm extractEntry exercises/http_json_api_server/solution/solution.js
70 silly gunzTarPerm extractEntry exercises/filtered_ls/exercise.js
71 silly gunzTarPerm extractEntry exercises/filtered_ls/file-list.json
72 silly gunzTarPerm extractEntry exercises/filtered_ls/problem.md
73 silly gunzTarPerm extractEntry exercises/filtered_ls/solution/solution.js
74 silly gunzTarPerm extractEntry exercises/juggling_async/exercise.js
75 silly gunzTarPerm extractEntry exercises/juggling_async/problem.md
76 silly gunzTarPerm extractEntry exercises/juggling_async/solution/solution.js
77 silly gunzTarPerm extractEntry exercises/make_it_modular/exercise.js
78 silly gunzTarPerm extractEntry exercises/make_it_modular/verify.js
79 silly gunzTarPerm extractEntry exercises/make_it_modular/wrap-requires.js
80 silly gunzTarPerm extractEntry exercises/make_it_modular/problem.md
81 silly gunzTarPerm extractEntry exercises/make_it_modular/solution/solution.js
82 silly gunzTarPerm extractEntry exercises/make_it_modular/solution/solution_filter.js
83 silly gunzTarPerm extractEntry exercises/menu.json
84 silly gunzTarPerm extractEntry exercises/my_first_async_io/exercise.js
85 silly gunzTarPerm extractEntry exercises/my_first_async_io/problem.md
86 silly gunzTarPerm extractEntry exercises/my_first_async_io/solution/solution.js
87 silly gunzTarPerm extractEntry exercises/my_first_io/exercise.js
88 silly gunzTarPerm extractEntry exercises/my_first_io/wrap.js
89 silly gunzTarPerm extractEntry exercises/my_first_io/problem.md
90 silly gunzTarPerm extractEntry exercises/my_first_io/solution/solution.js
91 silly gunzTarPerm extractEntry exercises/time_server/exercise.js
92 silly gunzTarPerm extractEntry exercises/time_server/setup.js
93 silly gunzTarPerm extractEntry exercises/time_server/problem.md
94 silly gunzTarPerm extractEntry exercises/time_server/solution/solution.js
95 silly gunzTarPerm extractEntry help.txt
96 silly gunzTarPerm extractEntry credits.txt
97 silly gunzTarPerm extractEntry lib/rndport.js
98 silly gunzTarPerm extractEntry node_apidoc/index.html
99 silly gunzTarPerm extractEntry node_apidoc/_toc.html
100 silly gunzTarPerm extractEntry node_apidoc/all.html
101 silly gunzTarPerm extractEntry node_apidoc/assert.html
102 silly gunzTarPerm extractEntry node_apidoc/assets/sh.css
103 silly gunzTarPerm extractEntry node_apidoc/assets/style.css
104 silly gunzTarPerm extractEntry node_apidoc/buffer.html
105 silly gunzTarPerm extractEntry node_apidoc/child_process.html
106 silly gunzTarPerm extractEntry node_apidoc/cluster.html
107 silly gunzTarPerm extractEntry node_apidoc/console.html
108 silly gunzTarPerm extractEntry node_apidoc/crypto.html
109 silly gunzTarPerm extractEntry node_apidoc/debugger.html
110 silly gunzTarPerm extractEntry node_apidoc/dgram.html
111 silly gunzTarPerm extractEntry node_apidoc/dns.html
112 silly gunzTarPerm extractEntry node_apidoc/documentation.html
113 silly gunzTarPerm extractEntry node_apidoc/domain.html
114 silly gunzTarPerm extractEntry node_apidoc/events.html
115 silly gunzTarPerm extractEntry node_apidoc/fs.html
116 silly gunzTarPerm extractEntry node_apidoc/globals.html
117 silly gunzTarPerm extractEntry node_apidoc/http.html
118 silly gunzTarPerm extractEntry node_apidoc/https.html
119 silly gunzTarPerm extractEntry node_apidoc/addons.html
120 silly gunzTarPerm extractEntry node_apidoc/modules.html
121 silly gunzTarPerm extractEntry node_apidoc/net.html
122 silly gunzTarPerm extractEntry node_apidoc/os.html
123 silly gunzTarPerm extractEntry node_apidoc/path.html
124 silly gunzTarPerm extractEntry node_apidoc/process.html
125 silly gunzTarPerm extractEntry node_apidoc/punycode.html
126 silly gunzTarPerm extractEntry node_apidoc/querystring.html
127 silly gunzTarPerm extractEntry node_apidoc/readline.html
128 silly gunzTarPerm extractEntry node_apidoc/repl.html
129 silly gunzTarPerm extractEntry node_apidoc/stream.html
130 silly gunzTarPerm extractEntry node_apidoc/string_decoder.html
131 silly gunzTarPerm extractEntry node_apidoc/synopsis.html
132 silly gunzTarPerm extractEntry node_apidoc/timers.html
133 silly gunzTarPerm extractEntry node_apidoc/tls.html
134 silly gunzTarPerm extractEntry node_apidoc/tty.html
135 silly gunzTarPerm extractEntry node_apidoc/url.html
136 silly gunzTarPerm extractEntry node_apidoc/util.html
137 silly gunzTarPerm extractEntry node_apidoc/vm.html
138 silly gunzTarPerm extractEntry node_apidoc/zlib.html
139 silly gunzTarPerm extractEntry docs/bl.html
140 silly gunzTarPerm extractEntry docs/concat-stream.html
141 silly gunzTarPerm extractEntry docs/through2-map.html
142 silly lockFile aaab319e-94225-0-5273241023533046-package tar:///var/folders/_l/2djl7j854pq084430jvt8b680000gp/T/npm-59984-s3pOK7XZ/1399392894225-0.5273241023533046/package
143 silly lockFile aaab319e-94225-0-5273241023533046-package tar:///var/folders/_l/2djl7j854pq084430jvt8b680000gp/T/npm-59984-s3pOK7XZ/1399392894225-0.5273241023533046/package
144 silly lockFile fac21126-94225-0-5273241023533046-tmp-tgz tar:///var/folders/_l/2djl7j854pq084430jvt8b680000gp/T/npm-59984-s3pOK7XZ/1399392894225-0.5273241023533046/tmp.tgz
145 silly lockFile fac21126-94225-0-5273241023533046-tmp-tgz tar:///var/folders/_l/2djl7j854pq084430jvt8b680000gp/T/npm-59984-s3pOK7XZ/1399392894225-0.5273241023533046/tmp.tgz
146 verbose tar pack [ '/Users/andrew/.npm/learnyounode/1.0.0/package.tgz',
146 verbose tar pack   '/var/folders/_l/2djl7j854pq084430jvt8b680000gp/T/npm-59984-s3pOK7XZ/1399392894225-0.5273241023533046/package' ]
147 verbose tarball /Users/andrew/.npm/learnyounode/1.0.0/package.tgz
148 verbose folder /var/folders/_l/2djl7j854pq084430jvt8b680000gp/T/npm-59984-s3pOK7XZ/1399392894225-0.5273241023533046/package
149 silly lockFile aaab319e-94225-0-5273241023533046-package tar:///var/folders/_l/2djl7j854pq084430jvt8b680000gp/T/npm-59984-s3pOK7XZ/1399392894225-0.5273241023533046/package
150 verbose lock tar:///var/folders/_l/2djl7j854pq084430jvt8b680000gp/T/npm-59984-s3pOK7XZ/1399392894225-0.5273241023533046/package /Users/andrew/.npm/aaab319e-94225-0-5273241023533046-package.lock
151 silly lockFile 03a88c7b-m-learnyounode-1-0-0-package-tgz tar:///Users/andrew/.npm/learnyounode/1.0.0/package.tgz
152 verbose lock tar:///Users/andrew/.npm/learnyounode/1.0.0/package.tgz /Users/andrew/.npm/03a88c7b-m-learnyounode-1-0-0-package-tgz.lock
153 silly lockFile aaab319e-94225-0-5273241023533046-package tar:///var/folders/_l/2djl7j854pq084430jvt8b680000gp/T/npm-59984-s3pOK7XZ/1399392894225-0.5273241023533046/package
154 silly lockFile aaab319e-94225-0-5273241023533046-package tar:///var/folders/_l/2djl7j854pq084430jvt8b680000gp/T/npm-59984-s3pOK7XZ/1399392894225-0.5273241023533046/package
155 silly lockFile 03a88c7b-m-learnyounode-1-0-0-package-tgz tar:///Users/andrew/.npm/learnyounode/1.0.0/package.tgz
156 silly lockFile 03a88c7b-m-learnyounode-1-0-0-package-tgz tar:///Users/andrew/.npm/learnyounode/1.0.0/package.tgz
157 silly lockFile 74502055-w-npm-learnyounode-1-0-0-package /Users/andrew/.npm/learnyounode/1.0.0/package
158 verbose lock /Users/andrew/.npm/learnyounode/1.0.0/package /Users/andrew/.npm/74502055-w-npm-learnyounode-1-0-0-package.lock
159 silly lockFile 74502055-w-npm-learnyounode-1-0-0-package /Users/andrew/.npm/learnyounode/1.0.0/package
160 silly lockFile 74502055-w-npm-learnyounode-1-0-0-package /Users/andrew/.npm/learnyounode/1.0.0/package
161 verbose tar unpack /Users/andrew/.npm/learnyounode/1.0.0/package.tgz
162 silly lockFile d475d68e-w-npm-learnyounode-1-0-0-package tar:///Users/andrew/.npm/learnyounode/1.0.0/package
163 verbose lock tar:///Users/andrew/.npm/learnyounode/1.0.0/package /Users/andrew/.npm/d475d68e-w-npm-learnyounode-1-0-0-package.lock
164 silly lockFile 03a88c7b-m-learnyounode-1-0-0-package-tgz tar:///Users/andrew/.npm/learnyounode/1.0.0/package.tgz
165 verbose lock tar:///Users/andrew/.npm/learnyounode/1.0.0/package.tgz /Users/andrew/.npm/03a88c7b-m-learnyounode-1-0-0-package-tgz.lock
166 silly gunzTarPerm modes [ '755', '644' ]
167 silly gunzTarPerm extractEntry package.json
168 silly gunzTarPerm extractEntry .npmignore
169 silly gunzTarPerm extractEntry README.md
170 silly gunzTarPerm extractEntry LICENSE
171 silly gunzTarPerm extractEntry credits.js
172 silly gunzTarPerm extractEntry learnyounode.js
173 silly gunzTarPerm extractEntry .jshintrc
174 silly gunzTarPerm extractEntry exercises/http_uppercaserer/exercise.js
175 silly gunzTarPerm extractEntry exercises/http_uppercaserer/problem.md
176 silly gunzTarPerm extractEntry exercises/http_uppercaserer/solution/solution.js
177 silly gunzTarPerm extractEntry exercises/baby_steps/exercise.js
178 silly gunzTarPerm extractEntry exercises/baby_steps/problem.md
179 silly gunzTarPerm extractEntry exercises/baby_steps/solution/solution.js
180 silly gunzTarPerm extractEntry exercises/hello_world/exercise.js
181 silly gunzTarPerm extractEntry exercises/hello_world/problem.md
182 silly gunzTarPerm extractEntry exercises/hello_world/solution/solution.js
183 silly gunzTarPerm extractEntry exercises/http_client/exercise.js
184 silly gunzTarPerm extractEntry exercises/http_client/problem.md
185 silly gunzTarPerm extractEntry exercises/http_client/solution/solution.js
186 silly gunzTarPerm extractEntry exercises/http_collect/exercise.js
187 silly gunzTarPerm extractEntry exercises/http_collect/problem.md
188 silly gunzTarPerm extractEntry exercises/http_collect/solution/solution.js
189 silly gunzTarPerm extractEntry exercises/http_file_server/exercise.js
190 silly gunzTarPerm extractEntry exercises/http_file_server/problem.md
191 silly gunzTarPerm extractEntry exercises/http_file_server/solution/solution.js
192 silly gunzTarPerm extractEntry exercises/http_json_api_server/exercise.js
193 silly gunzTarPerm extractEntry exercises/http_json_api_server/problem.md
194 silly gunzTarPerm extractEntry exercises/http_json_api_server/solution/solution.js
195 silly gunzTarPerm extractEntry exercises/filtered_ls/exercise.js
196 silly gunzTarPerm extractEntry exercises/filtered_ls/file-list.json
197 silly gunzTarPerm extractEntry exercises/filtered_ls/problem.md
198 silly gunzTarPerm extractEntry exercises/filtered_ls/solution/solution.js
199 silly gunzTarPerm extractEntry exercises/juggling_async/exercise.js
200 silly gunzTarPerm extractEntry exercises/juggling_async/problem.md
201 silly gunzTarPerm extractEntry exercises/juggling_async/solution/solution.js
202 silly gunzTarPerm extractEntry exercises/make_it_modular/exercise.js
203 silly gunzTarPerm extractEntry exercises/make_it_modular/verify.js
204 silly gunzTarPerm extractEntry exercises/make_it_modular/wrap-requires.js
205 silly gunzTarPerm extractEntry exercises/make_it_modular/problem.md
206 silly gunzTarPerm extractEntry exercises/make_it_modular/solution/solution.js
207 silly gunzTarPerm extractEntry exercises/make_it_modular/solution/solution_filter.js
208 silly gunzTarPerm extractEntry exercises/menu.json
209 silly gunzTarPerm extractEntry exercises/my_first_async_io/exercise.js
210 silly gunzTarPerm extractEntry exercises/my_first_async_io/problem.md
211 silly gunzTarPerm extractEntry exercises/my_first_async_io/solution/solution.js
212 silly gunzTarPerm extractEntry exercises/my_first_io/exercise.js
213 silly gunzTarPerm extractEntry exercises/my_first_io/wrap.js
214 silly gunzTarPerm extractEntry exercises/my_first_io/problem.md
215 silly gunzTarPerm extractEntry exercises/my_first_io/solution/solution.js
216 silly gunzTarPerm extractEntry exercises/time_server/exercise.js
217 silly gunzTarPerm extractEntry exercises/time_server/setup.js
218 silly gunzTarPerm extractEntry exercises/time_server/problem.md
219 silly gunzTarPerm extractEntry exercises/time_server/solution/solution.js
220 silly gunzTarPerm extractEntry help.txt
221 silly gunzTarPerm extractEntry credits.txt
222 silly gunzTarPerm extractEntry lib/rndport.js
223 silly gunzTarPerm extractEntry node_apidoc/index.html
224 silly gunzTarPerm extractEntry node_apidoc/_toc.html
225 silly gunzTarPerm extractEntry node_apidoc/all.html
226 silly gunzTarPerm extractEntry node_apidoc/assert.html
227 silly gunzTarPerm extractEntry node_apidoc/assets/sh.css
228 silly gunzTarPerm extractEntry node_apidoc/assets/style.css
229 silly gunzTarPerm extractEntry node_apidoc/buffer.html
230 silly gunzTarPerm extractEntry node_apidoc/child_process.html
231 silly gunzTarPerm extractEntry node_apidoc/cluster.html
232 silly gunzTarPerm extractEntry node_apidoc/console.html
233 silly gunzTarPerm extractEntry node_apidoc/crypto.html
234 silly gunzTarPerm extractEntry node_apidoc/debugger.html
235 silly gunzTarPerm extractEntry node_apidoc/dgram.html
236 silly gunzTarPerm extractEntry node_apidoc/dns.html
237 silly gunzTarPerm extractEntry node_apidoc/documentation.html
238 silly gunzTarPerm extractEntry node_apidoc/domain.html
239 silly gunzTarPerm extractEntry node_apidoc/events.html
240 silly gunzTarPerm extractEntry node_apidoc/fs.html
241 silly gunzTarPerm extractEntry node_apidoc/globals.html
242 silly gunzTarPerm extractEntry node_apidoc/http.html
243 silly gunzTarPerm extractEntry node_apidoc/https.html
244 silly gunzTarPerm extractEntry node_apidoc/addons.html
245 silly gunzTarPerm extractEntry node_apidoc/modules.html
246 silly gunzTarPerm extractEntry node_apidoc/net.html
247 silly gunzTarPerm extractEntry node_apidoc/os.html
248 silly gunzTarPerm extractEntry node_apidoc/path.html
249 silly gunzTarPerm extractEntry node_apidoc/process.html
250 silly gunzTarPerm extractEntry node_apidoc/punycode.html
251 silly gunzTarPerm extractEntry node_apidoc/querystring.html
252 silly gunzTarPerm extractEntry node_apidoc/readline.html
253 silly gunzTarPerm extractEntry node_apidoc/repl.html
254 silly gunzTarPerm extractEntry node_apidoc/stream.html
255 silly gunzTarPerm extractEntry node_apidoc/string_decoder.html
256 silly gunzTarPerm extractEntry node_apidoc/synopsis.html
257 silly gunzTarPerm extractEntry node_apidoc/timers.html
258 silly gunzTarPerm extractEntry node_apidoc/tls.html
259 silly gunzTarPerm extractEntry node_apidoc/tty.html
260 silly gunzTarPerm extractEntry node_apidoc/url.html
261 silly gunzTarPerm extractEntry node_apidoc/util.html
262 silly gunzTarPerm extractEntry node_apidoc/vm.html
263 silly gunzTarPerm extractEntry node_apidoc/zlib.html
264 silly gunzTarPerm extractEntry docs/bl.html
265 silly gunzTarPerm extractEntry docs/concat-stream.html
266 silly gunzTarPerm extractEntry docs/through2-map.html
267 silly lockFile d475d68e-w-npm-learnyounode-1-0-0-package tar:///Users/andrew/.npm/learnyounode/1.0.0/package
268 silly lockFile d475d68e-w-npm-learnyounode-1-0-0-package tar:///Users/andrew/.npm/learnyounode/1.0.0/package
269 silly lockFile 03a88c7b-m-learnyounode-1-0-0-package-tgz tar:///Users/andrew/.npm/learnyounode/1.0.0/package.tgz
270 silly lockFile 03a88c7b-m-learnyounode-1-0-0-package-tgz tar:///Users/andrew/.npm/learnyounode/1.0.0/package.tgz
271 verbose chmod /Users/andrew/.npm/learnyounode/1.0.0/package.tgz 644
272 verbose chown /Users/andrew/.npm/learnyounode/1.0.0/package.tgz [ 502, 20 ]
273 silly lockFile b5976a08-rnyounode-learnyounode-1-0-0-tgz https://registry.npmjs.org/learnyounode/-/learnyounode-1.0.0.tgz
274 silly lockFile b5976a08-rnyounode-learnyounode-1-0-0-tgz https://registry.npmjs.org/learnyounode/-/learnyounode-1.0.0.tgz
275 silly lockFile 0820d686-learnyounode-1-0-0 learnyounode@1.0.0
276 silly lockFile 0820d686-learnyounode-1-0-0 learnyounode@1.0.0
277 silly lockFile a353de34-learnyounode learnyounode@
278 silly lockFile a353de34-learnyounode learnyounode@
279 silly resolved [ { name: 'learnyounode',
279 silly resolved     version: '1.0.0',
279 silly resolved     description: 'Learn You The Node.js For Much Win! An intro to Node.js via a set of self-guided workshops.',
279 silly resolved     author:
279 silly resolved      { name: 'Rod Vagg',
279 silly resolved        email: 'rod@vagg.org',
279 silly resolved        url: 'https://github.com/rvagg' },
279 silly resolved     contributors: [ [Object], [Object], [Object], [Object], [Object], [Object] ],
279 silly resolved     repository:
279 silly resolved      { type: 'git',
279 silly resolved        url: 'https://github.com/rvagg/learnyounode.git' },
279 silly resolved     license: 'MIT',
279 silly resolved     dependencies:
279 silly resolved      { workshopper: '^1.0.0-alpha05',
279 silly resolved        'workshopper-exercise': '^0.2.2',
279 silly resolved        'workshopper-wrappedexec': '^0.1.1',
279 silly resolved        'workshopper-boilerplate': '0.0.1',
279 silly resolved        'concat-stream': '^1.4.1',
279 silly resolved        duplexer: '^0.1.1',
279 silly resolved        through: '^2.3.4',
279 silly resolved        boganipsum: '^0.1.0',
279 silly resolved        hyperquest: '^0.2.0',
279 silly resolved        bl: '^0.7.0',
279 silly resolved        'through2-map': '^1.2.1',
279 silly resolved        'colors-tmpl': '^0.1.0',
279 silly resolved        after: '^0.8.1',
279 silly resolved        rimraf: '^2.2.6',
279 silly resolved        chalk: '^0.4.0',
279 silly resolved        through2: '^0.4.1' },
279 silly resolved     bin: { learnyounode: './learnyounode.js' },
279 silly resolved     preferGlobal: true,
279 silly resolved     readme: '# Learn You The Node.js For Much Win!\n\n**An intro to Node.js via a set of self-guided workshops.**\n\n[![NPM](https://nodei.co/npm/learnyounode.png?downloads=true&stars=true)](https://nodei.co/npm/learnyounode/) [![NPM](https://nodei.co/npm-dl/learnyounode.png?months=3)](https://nodei.co/npm/learnyounode/)\n\n![Learn You The Node.js For Much Win!](https://raw.github.com/rvagg/learnyounode/master/learnyounode.png)\n\n  1. Install [Node.js](http://nodejs.org/)\n  2. Run `sudo npm install learnyounode -g`\n  3. Run `learnyounode`\n  4. **.. profit!**\n\n<b><code>learnyounode</code></b> will run through a series of Node.js workshops. Starting at a basic *"HELLO WORLD"* and moving on to more advanced exercises about dealing with synchronous & asynchronous I/O, filesystem operations, TCP and HTTP networking, events and streams.\n\nOnce you have finished <b><code>learnyounode</code></b>, graduate to <b><code>[stream-adventure](https://github.com/substack/stream-adventure)</code></b> for a set of exercises that dig in to Node\'s streams.\n\n### Contributors\n\n<b><code>learnyounode</code></b> is proudly brought to you by the following hackers:\n\n<table><tbody>\n<tr><th align="left">Rod Vagg</th><td><a href="https://github.com/rvagg">GitHub/rvagg</a></td><td><a href="http://twitter.com/rvagg">Twitter/@rvagg</a></td></tr>\n<tr><th align="left">Andrey Sidorov</th><td><a href="https://github.com/sidorares">GitHub/sidorares</a></td><td><a href="http://twitter.com/sidorares">Twitter/@sidorares</a></td></tr>\n<tr><th align="left">Julián Duque</th><td><a href="https://github.com/julianduque">GitHub/julianduque</a></td><td><a href="http://twitter.com/julian_duque">Twitter/@julian_duque</a></td></tr>\n<tr><th align="left">Lars-Magnus Skog</th><td><a href="https://github.com/ralphtheninja">GitHub/ralphtheninja</a></td><td><a href="http://twitter.com/ralphtheninja">Twitter/@ralphtheninja</a></td></tr>\n<tr><th align="left">Tim Inman</th><td><a href="https://github.com/thehack">GitHub/thehack</a></td><td><a href="http://twitter.com/timinman">Twitter/@timinman</a></td></tr>\n<tr><th align="left">Dan Flettre</th><td><a href="https://github.com/Flet">GitHub/Flet</a></td><td><a href="http://twitter.com/flettre">Twitter/@flettre</a></td></tr>\n</tbody></table>\n\n## License\n\n**learnyounode** is Copyright (c) 2013 Rod Vagg [@rvagg](https://twitter.com/rvagg) and licenced under the MIT licence. All rights not explicitly granted in the MIT license are reserved. See the included LICENSE file for more details.\n\n**learnyounode** builds on the excellent work by [@substack](https://github.com/substack) and [@maxogden](https://github.com/maxogden) who created **[stream-adventure](https://github.com/substack/stream-adventure)** which serves as the original foundation for **learnyounode**.\n',
279 silly resolved     readmeFilename: 'README.md',
279 silly resolved     bugs: { url: 'https://github.com/rvagg/learnyounode/issues' },
279 silly resolved     homepage: 'https://github.com/rvagg/learnyounode',
279 silly resolved     _id: 'learnyounode@1.0.0',
279 silly resolved     dist: { shasum: '7762f1aa961d33fe6cd4c09532a063bd08663141' },
279 silly resolved     _from: 'learnyounode@',
279 silly resolved     _resolved: 'https://registry.npmjs.org/learnyounode/-/learnyounode-1.0.0.tgz' } ]
280 info install learnyounode@1.0.0 into /opt/local/lib
281 info installOne learnyounode@1.0.0
282 info /opt/local/lib/node_modules/learnyounode unbuild
283 verbose tar unpack /Users/andrew/.npm/learnyounode/1.0.0/package.tgz
284 silly lockFile 2a87e662-al-lib-node-modules-learnyounode tar:///opt/local/lib/node_modules/learnyounode
285 verbose lock tar:///opt/local/lib/node_modules/learnyounode /Users/andrew/.npm/2a87e662-al-lib-node-modules-learnyounode.lock
286 silly lockFile 03a88c7b-m-learnyounode-1-0-0-package-tgz tar:///Users/andrew/.npm/learnyounode/1.0.0/package.tgz
287 verbose lock tar:///Users/andrew/.npm/learnyounode/1.0.0/package.tgz /Users/andrew/.npm/03a88c7b-m-learnyounode-1-0-0-package-tgz.lock
288 silly gunzTarPerm modes [ '755', '644' ]
289 error Error: EACCES, mkdir '/opt/local/lib/node_modules/learnyounode'
289 error  { [Error: EACCES, mkdir '/opt/local/lib/node_modules/learnyounode']
289 error   errno: 3,
289 error   code: 'EACCES',
289 error   path: '/opt/local/lib/node_modules/learnyounode',
289 error   fstream_type: 'Directory',
289 error   fstream_path: '/opt/local/lib/node_modules/learnyounode',
289 error   fstream_class: 'DirWriter',
289 error   fstream_stack:
289 error    [ '/opt/local/lib/node_modules/npm/node_modules/fstream/lib/dir-writer.js:36:23',
289 error      '/opt/local/lib/node_modules/npm/node_modules/mkdirp/index.js:37:53',
289 error      'Object.oncomplete (fs.js:107:15)' ] }
290 error Please try running this command again as root/Administrator.
291 error System Darwin 13.1.0
292 error command "/opt/local/bin/node" "/opt/local/bin/npm" "install" "learnyounode" "-g"
293 error cwd /Users/andrew/Sites/iponda.self
294 error node -v v0.10.24
295 error npm -v 1.3.21
296 error path /opt/local/lib/node_modules/learnyounode
297 error fstream_path /opt/local/lib/node_modules/learnyounode
298 error fstream_type Directory
299 error fstream_class DirWriter
300 error code EACCES
301 error errno 3
302 error stack Error: EACCES, mkdir '/opt/local/lib/node_modules/learnyounode'
303 error fstream_stack /opt/local/lib/node_modules/npm/node_modules/fstream/lib/dir-writer.js:36:23
303 error fstream_stack /opt/local/lib/node_modules/npm/node_modules/mkdirp/index.js:37:53
303 error fstream_stack Object.oncomplete (fs.js:107:15)
304 verbose exit [ 3, true ]
